<?xml version="1.0" encoding="UTF-8" ?>
<testsuite tests="4" failures="0" name="com.cts.PrimeNumberTest" time="0.01" errors="0" skipped="0">
  <properties>
[...]
</properties>
  <testcase classname="com.cts.PrimeNumberTest" name="testFindPrimeNegative" time="0.008"/>
  <testcase classname="com.cts.PrimeNumberTest" name="testFindPrimeNegative1" time="0"/>
  <testcase classname="com.cts.PrimeNumberTest" name="testFindPrimeNegative2" time="0.001"/>
  <testcase classname="com.cts.PrimeNumberTest" name="testFindPrime" time="0.001"/>
</testsuite>